<?xml version="1.0" encoding="UTF-8"?>
<!-- Generated by org.testng.reporters.JUnitReportReporter -->
<testsuite skipped="0" hostname="Ameyas-MBP" name="com.cognixia.training.MavenTestNGSelenium.tests.TestNGExample" tests="2" failures="0" timestamp="2021-06-11T18:08:32 IST" time="0.078" errors="0">
  <testcase name="testFirst" time="0.075" classname="com.cognixia.training.MavenTestNGSelenium.tests.TestNGExample"/>
  <system-out/>
  <testcase name="testSecond" time="0.003" classname="com.cognixia.training.MavenTestNGSelenium.tests.TestNGExample"/>
  <system-out/>
</testsuite> <!-- com.cognixia.training.MavenTestNGSelenium.tests.TestNGExample -->
